<?xml version="1.0" encoding="UTF-8" ?>
<testsuite tests="41" failures="0" name="fr.exia.tron.entity.MapTest" time="0" errors="0" skipped="0">
  <properties>
[...]
</properties>
  <testcase classname="fr.exia.tron.entity.MapTest" name="character2GoesDown" time="0"/>
  <testcase classname="fr.exia.tron.entity.MapTest" name="character2GoesLeft" time="0"/>
  <testcase classname="fr.exia.tron.entity.MapTest" name="updateMap" time="0"/>
  <testcase classname="fr.exia.tron.entity.MapTest" name="notifyObservers" time="0"/>
  <testcase classname="fr.exia.tron.entity.MapTest" name="deleteObserver" time="0"/>
  <testcase classname="fr.exia.tron.entity.MapTest" name="hasChanged" time="0"/>
  <testcase classname="fr.exia.tron.entity.MapTest" name="getOnTheMapX2Y2" time="0"/>
  <testcase classname="fr.exia.tron.entity.MapTest" name="deleteObservers" time="0"/>
  <testcase classname="fr.exia.tron.entity.MapTest" name="goesUP" time="0"/>
  <testcase classname="fr.exia.tron.entity.MapTest" name="character2GoesRight" time="0"/>
  <testcase classname="fr.exia.tron.entity.MapTest" name="getOnTheMapXY" time="0"/>
  <testcase classname="fr.exia.tron.entity.MapTest" name="getOnTheMap" time="0"/>
  <testcase classname="fr.exia.tron.entity.MapTest" name="addObserver" time="0"/>
  <testcase classname="fr.exia.tron.entity.MapTest" name="setOnTheMapX2Y2" time="0"/>
  <testcase classname="fr.exia.tron.entity.MapTest" name="setChanged" time="0"/>
  <testcase classname="fr.exia.tron.entity.MapTest" name="goesRight2" time="0"/>
  <testcase classname="fr.exia.tron.entity.MapTest" name="characterGoesRight" time="0"/>
  <testcase classname="fr.exia.tron.entity.MapTest" name="getObservable" time="0"/>
  <testcase classname="fr.exia.tron.entity.MapTest" name="countObservers" time="0"/>
  <testcase classname="fr.exia.tron.entity.MapTest" name="notifyObservers1" time="0"/>
  <testcase classname="fr.exia.tron.entity.MapTest" name="setNumberOfLives" time="0"/>
  <testcase classname="fr.exia.tron.entity.MapTest" name="setOnTheMapXY" time="0"/>
  <testcase classname="fr.exia.tron.entity.MapTest" name="goesUP2" time="0"/>
  <testcase classname="fr.exia.tron.entity.MapTest" name="setHeight" time="0"/>
  <testcase classname="fr.exia.tron.entity.MapTest" name="getHeight" time="0"/>
  <testcase classname="fr.exia.tron.entity.MapTest" name="getTimeSecond" time="0"/>
  <testcase classname="fr.exia.tron.entity.MapTest" name="characterGoesDown" time="0"/>
  <testcase classname="fr.exia.tron.entity.MapTest" name="characterGoesLeft" time="0"/>
  <testcase classname="fr.exia.tron.entity.MapTest" name="clearChanged" time="0"/>
  <testcase classname="fr.exia.tron.entity.MapTest" name="character2GoesUp" time="0"/>
  <testcase classname="fr.exia.tron.entity.MapTest" name="setLevel" time="0"/>
  <testcase classname="fr.exia.tron.entity.MapTest" name="setWidth" time="0"/>
  <testcase classname="fr.exia.tron.entity.MapTest" name="goesDown2" time="0"/>
  <testcase classname="fr.exia.tron.entity.MapTest" name="goesLeft2" time="0"/>
  <testcase classname="fr.exia.tron.entity.MapTest" name="goesRight" time="0"/>
  <testcase classname="fr.exia.tron.entity.MapTest" name="characterGoesUp" time="0"/>
  <testcase classname="fr.exia.tron.entity.MapTest" name="getNumberOfLives" time="0"/>
  <testcase classname="fr.exia.tron.entity.MapTest" name="goesDown" time="0"/>
  <testcase classname="fr.exia.tron.entity.MapTest" name="goesLeft" time="0"/>
  <testcase classname="fr.exia.tron.entity.MapTest" name="getLevel" time="0"/>
  <testcase classname="fr.exia.tron.entity.MapTest" name="getWidth" time="0"/>
</testsuite>